This is pdfTeX, Version 3.14159265-2.6-1.40.21 (MiKTeX 2.9.7300 64-bit) (preloaded format=pdflatex 2020.5.8)  7 JUL 2021 10:33
entering extended mode
**./Manuscript.tex
(Manuscript.tex
LaTeX2e <2020-02-02> patch level 2
L3 programming layer <2020-02-14>
("C:\Users\zwickl-nb\AppData\Local\Programs\MiKTeX 2.9\tex/latex/elsarticle\els
article.cls"
Document Class: elsarticle 2019/02/25, 3.2: Elsevier Ltd
\@bls=\dimen134

("C:\Users\zwickl-nb\AppData\Local\Programs\MiKTeX 2.9\tex/latex/base\article.c
ls"
Document Class: article 2019/12/20 v1.4l Standard LaTeX document class

("C:\Users\zwickl-nb\AppData\Local\Programs\MiKTeX 2.9\tex/latex/base\size10.cl
o"
File: size10.clo 2019/12/20 v1.4l Standard LaTeX file (size option)
)
\c@part=\count167
\c@section=\count168
\c@subsection=\count169
\c@subsubsection=\count170
\c@paragraph=\count171
\c@subparagraph=\count172
\c@figure=\count173
\c@table=\count174
\abovecaptionskip=\skip47
\belowcaptionskip=\skip48
\bibindent=\dimen135
)
("C:\Users\zwickl-nb\AppData\Local\Programs\MiKTeX 2.9\tex/latex/graphics\graph
icx.sty"
Package: graphicx 2019/11/30 v1.2a Enhanced LaTeX Graphics (DPC,SPQR)

("C:\Users\zwickl-nb\AppData\Local\Programs\MiKTeX 2.9\tex/latex/graphics\keyva
l.sty"
Package: keyval 2014/10/28 v1.15 key=value parser (DPC)
\KV@toks@=\toks14
)
("C:\Users\zwickl-nb\AppData\Local\Programs\MiKTeX 2.9\tex/latex/graphics\graph
ics.sty"
Package: graphics 2019/11/30 v1.4a Standard LaTeX Graphics (DPC,SPQR)

("C:\Users\zwickl-nb\AppData\Local\Programs\MiKTeX 2.9\tex/latex/graphics\trig.
sty"
Package: trig 2016/01/03 v1.10 sin cos tan (DPC)
)
("C:\Users\zwickl-nb\AppData\Local\Programs\MiKTeX 2.9\tex/latex/graphics-cfg\g
raphics.cfg"
File: graphics.cfg 2016/06/04 v1.11 sample graphics configuration
)
Package graphics Info: Driver file: pdftex.def on input line 105.

("C:\Users\zwickl-nb\AppData\Local\Programs\MiKTeX 2.9\tex/latex/graphics-def\p
dftex.def"
File: pdftex.def 2018/01/08 v1.0l Graphics/color driver for pdftex
))
\Gin@req@height=\dimen136
\Gin@req@width=\dimen137
)
\c@tnote=\count175
\c@fnote=\count176
\c@cnote=\count177
\c@ead=\count178
\c@author=\count179
\@eadauthor=\toks15
\c@affn=\count180
\absbox=\box45
\elsarticlehighlightsbox=\box46
\elsarticlegrabsbox=\box47
\keybox=\box48
\Columnwidth=\dimen138
\space@left=\dimen139
\els@boxa=\box49
\els@boxb=\box50
\leftMargin=\dimen140
\@enLab=\toks16
\@sep=\skip49
\@@sep=\skip50
 (Manuscript.spl)
("C:\Users\zwickl-nb\AppData\Local\Programs\MiKTeX 2.9\tex/latex/natbib\natbib.
sty"
Package: natbib 2010/09/13 8.31b (PWD, AO)
\bibhang=\skip51
\bibsep=\skip52
LaTeX Info: Redefining \cite on input line 694.
\c@NAT@ctr=\count181
)
\splwrite=\write3
\openout3 = `Manuscript.spl'.

\appnamewidth=\dimen141
)
("C:\Users\zwickl-nb\AppData\Local\Programs\MiKTeX 2.9\tex/latex/lineno\lineno.
sty"
Package: lineno 2005/11/02 line numbers on paragraphs v4.41
\linenopenalty=\count182
\output=\toks17
\linenoprevgraf=\count183
\linenumbersep=\dimen142
\linenumberwidth=\dimen143
\c@linenumber=\count184
\c@pagewiselinenumber=\count185
\c@LN@truepage=\count186
\c@internallinenumber=\count187
\c@internallinenumbers=\count188
\quotelinenumbersep=\dimen144
\bframerule=\dimen145
\bframesep=\dimen146
\bframebox=\box51
LaTeX Info: Redefining \\ on input line 3056.
)
("C:\Users\zwickl-nb\AppData\Local\Programs\MiKTeX 2.9\tex/latex/hyperref\hyper
ref.sty"
Package: hyperref 2020/01/14 v7.00d Hypertext links for LaTeX

("C:\Users\zwickl-nb\AppData\Local\Programs\MiKTeX 2.9\tex/generic/ltxcmds\ltxc
mds.sty"
Package: ltxcmds 2019/12/15 v1.24 LaTeX kernel commands for general use (HO)
)
("C:\Users\zwickl-nb\AppData\Local\Programs\MiKTeX 2.9\tex/generic/iftex\iftex.
sty"
Package: iftex 2019/11/07 v1.0c TeX engine tests
)
("C:\Users\zwickl-nb\AppData\Local\Programs\MiKTeX 2.9\tex/latex/pdftexcmds\pdf
texcmds.sty"
Package: pdftexcmds 2019/11/24 v0.31 Utility functions of pdfTeX for LuaTeX (HO
)

("C:\Users\zwickl-nb\AppData\Local\Programs\MiKTeX 2.9\tex/generic/infwarerr\in
fwarerr.sty"
Package: infwarerr 2019/12/03 v1.5 Providing info/warning/error messages (HO)
)
Package pdftexcmds Info: \pdf@primitive is available.
Package pdftexcmds Info: \pdf@ifprimitive is available.
Package pdftexcmds Info: \pdfdraftmode found.
)
("C:\Users\zwickl-nb\AppData\Local\Programs\MiKTeX 2.9\tex/generic/kvsetkeys\kv
setkeys.sty"
Package: kvsetkeys 2019/12/15 v1.18 Key value parser (HO)
)
("C:\Users\zwickl-nb\AppData\Local\Programs\MiKTeX 2.9\tex/generic/kvdefinekeys
\kvdefinekeys.sty"
Package: kvdefinekeys 2019-12-19 v1.6 Define keys (HO)
)
("C:\Users\zwickl-nb\AppData\Local\Programs\MiKTeX 2.9\tex/generic/pdfescape\pd
fescape.sty"
Package: pdfescape 2019/12/09 v1.15 Implements pdfTeX's escape features (HO)
)
("C:\Users\zwickl-nb\AppData\Local\Programs\MiKTeX 2.9\tex/latex/hycolor\hycolo
r.sty"
Package: hycolor 2020-01-27 v1.10 Color options for hyperref/bookmark (HO)
)
("C:\Users\zwickl-nb\AppData\Local\Programs\MiKTeX 2.9\tex/latex/letltxmacro\le
tltxmacro.sty"
Package: letltxmacro 2019/12/03 v1.6 Let assignment for LaTeX macros (HO)
)
("C:\Users\zwickl-nb\AppData\Local\Programs\MiKTeX 2.9\tex/latex/auxhook\auxhoo
k.sty"
Package: auxhook 2019-12-17 v1.6 Hooks for auxiliary files (HO)
)
("C:\Users\zwickl-nb\AppData\Local\Programs\MiKTeX 2.9\tex/latex/kvoptions\kvop
tions.sty"
Package: kvoptions 2019/11/29 v3.13 Key value format for package options (HO)
)
\@linkdim=\dimen147
\Hy@linkcounter=\count189
\Hy@pagecounter=\count190

("C:\Users\zwickl-nb\AppData\Local\Programs\MiKTeX 2.9\tex/latex/hyperref\pd1en
c.def"
File: pd1enc.def 2020/01/14 v7.00d Hyperref: PDFDocEncoding definition (HO)
Now handling font encoding PD1 ...
... no UTF-8 mapping file for font encoding PD1
)
("C:\Users\zwickl-nb\AppData\Local\Programs\MiKTeX 2.9\tex/generic/intcalc\intc
alc.sty"
Package: intcalc 2019/12/15 v1.3 Expandable calculations with integers (HO)
)
("C:\Users\zwickl-nb\AppData\Local\Programs\MiKTeX 2.9\tex/generic/etexcmds\ete
xcmds.sty"
Package: etexcmds 2019/12/15 v1.7 Avoid name clashes with e-TeX commands (HO)
)
\Hy@SavedSpaceFactor=\count191
Package hyperref Info: Hyper figures OFF on input line 4547.
Package hyperref Info: Link nesting OFF on input line 4552.
Package hyperref Info: Hyper index ON on input line 4555.
Package hyperref Info: Plain pages OFF on input line 4562.
Package hyperref Info: Backreferencing OFF on input line 4567.
Package hyperref Info: Implicit mode ON; LaTeX internals redefined.
Package hyperref Info: Bookmarks ON on input line 4800.
\c@Hy@tempcnt=\count192

("C:\Users\zwickl-nb\AppData\Local\Programs\MiKTeX 2.9\tex/latex/url\url.sty"
\Urlmuskip=\muskip16
Package: url 2013/09/16  ver 3.4  Verb mode for urls, etc.
)
LaTeX Info: Redefining \url on input line 5159.
\XeTeXLinkMargin=\dimen148

("C:\Users\zwickl-nb\AppData\Local\Programs\MiKTeX 2.9\tex/generic/bitset\bitse
t.sty"
Package: bitset 2019/12/09 v1.3 Handle bit-vector datatype (HO)

("C:\Users\zwickl-nb\AppData\Local\Programs\MiKTeX 2.9\tex/generic/bigintcalc\b
igintcalc.sty"
Package: bigintcalc 2019/12/15 v1.5 Expandable calculations on big integers (HO
)
))
\Fld@menulength=\count193
\Field@Width=\dimen149
\Fld@charsize=\dimen150
Package hyperref Info: Hyper figures OFF on input line 6430.
Package hyperref Info: Link nesting OFF on input line 6435.
Package hyperref Info: Hyper index ON on input line 6438.
Package hyperref Info: backreferencing OFF on input line 6445.
Package hyperref Info: Link coloring OFF on input line 6450.
Package hyperref Info: Link coloring with OCG OFF on input line 6455.
Package hyperref Info: PDF/A mode OFF on input line 6460.
LaTeX Info: Redefining \ref on input line 6500.
LaTeX Info: Redefining \pageref on input line 6504.

("C:\Users\zwickl-nb\AppData\Local\Programs\MiKTeX 2.9\tex/generic/atbegshi\atb
egshi.sty"
Package: atbegshi 2019/12/05 v1.19 At begin shipout hook (HO)
)
\Hy@abspage=\count194
\c@Item=\count195
\c@Hfootnote=\count196
)
Package hyperref Info: Driver (autodetected): hpdftex.

("C:\Users\zwickl-nb\AppData\Local\Programs\MiKTeX 2.9\tex/latex/hyperref\hpdft
ex.def"
File: hpdftex.def 2020/01/14 v7.00d Hyperref driver for pdfTeX

("C:\Users\zwickl-nb\AppData\Local\Programs\MiKTeX 2.9\tex/latex/atveryend\atve
ryend.sty"
Package: atveryend 2019-12-11 v1.11 Hooks at the very end of document (HO)
Package atveryend Info: \enddocument detected (standard20110627).
)
\Fld@listcount=\count197
\c@bookmark@seq@number=\count198

("C:\Users\zwickl-nb\AppData\Local\Programs\MiKTeX 2.9\tex/latex/rerunfilecheck
\rerunfilecheck.sty"
Package: rerunfilecheck 2019/12/05 v1.9 Rerun checks for auxiliary files (HO)

("C:\Users\zwickl-nb\AppData\Local\Programs\MiKTeX 2.9\tex/generic/uniquecounte
r\uniquecounter.sty"
Package: uniquecounter 2019/12/15 v1.4 Provide unlimited unique counter (HO)
)
Package uniquecounter Info: New unique counter `rerunfilecheck' on input line 2
86.
)
\Hy@SectionHShift=\skip53
)
("C:\Users\zwickl-nb\AppData\Local\Programs\MiKTeX 2.9\tex/latex/caption\subcap
tion.sty"
Package: subcaption 2020/01/22 v1.3d Sub-captions (AR)

("C:\Users\zwickl-nb\AppData\Local\Programs\MiKTeX 2.9\tex/latex/caption\captio
n.sty"
Package: caption 2020/05/10 v3.4j Customizing captions (AR)

("C:\Users\zwickl-nb\AppData\Local\Programs\MiKTeX 2.9\tex/latex/caption\captio
n3.sty"
Package: caption3 2020/05/10 v1.11 caption3 kernel (AR)
Package caption3 Info: TeX engine: e-TeX on input line 61.
\captionmargin=\dimen151
\captionmargin@=\dimen152
\captionwidth=\dimen153
\caption@tempdima=\dimen154
\caption@indent=\dimen155
\caption@parindent=\dimen156
\caption@hangindent=\dimen157
Package caption Info: elsarticle document class detected.
)
\c@caption@flags=\count199
\c@continuedfloat=\count266
Package caption Info: hyperref package is loaded.
)
\c@subfigure=\count267
\c@subtable=\count268
)
("C:\Users\zwickl-nb\AppData\Local\Programs\MiKTeX 2.9\tex/latex/siunitx\siunit
x.sty"
("C:\Users\zwickl-nb\AppData\Local\Programs\MiKTeX 2.9\tex/latex/l3kernel\expl3
.sty"
Package: expl3 2020-02-14 L3 programming layer (loader) 

("C:\Users\zwickl-nb\AppData\Local\Programs\MiKTeX 2.9\tex/latex/l3backend\l3ba
ckend-pdfmode.def"
File: l3backend-pdfmode.def 2020-02-03 L3 backend support: PDF mode
\l__kernel_color_stack_int=\count269
\l__pdf_internal_box=\box52
))
("C:\Users\zwickl-nb\AppData\Local\Programs\MiKTeX 2.9\tex/latex/l3packages/xpa
rse\xparse.sty"
Package: xparse 2020-02-14 L3 Experimental document command parser
\l__xparse_current_arg_int=\count270
\g__xparse_grabber_int=\count271
\l__xparse_m_args_int=\count272
\l__xparse_v_nesting_int=\count273
)
Package: siunitx 2020/02/25 v2.8b A comprehensive (SI) units package

("C:\Users\zwickl-nb\AppData\Local\Programs\MiKTeX 2.9\tex/latex/amsmath\amstex
t.sty"
Package: amstext 2000/06/29 v2.01 AMS text

("C:\Users\zwickl-nb\AppData\Local\Programs\MiKTeX 2.9\tex/latex/amsmath\amsgen
.sty"
File: amsgen.sty 1999/11/30 v2.0 generic functions
\@emptytoks=\toks18
\ex@=\dimen158
))
("C:\Users\zwickl-nb\AppData\Local\Programs\MiKTeX 2.9\tex/latex/tools\array.st
y"
Package: array 2019/08/31 v2.4l Tabular extension package (FMi)
\col@sep=\dimen159
\ar@mcellbox=\box53
\extrarowheight=\dimen160
\NC@list=\toks19
\extratabsurround=\skip54
\backup@length=\skip55
\ar@cellbox=\box54
)
("C:\Users\zwickl-nb\AppData\Local\Programs\MiKTeX 2.9\tex/latex/l3packages/l3k
eys2e\l3keys2e.sty"
Package: l3keys2e 2020-02-14 LaTeX2e option processing using LaTeX3 keys
)
\l__siunitx_tmp_box=\box55
\l__siunitx_tmp_dim=\dimen161
\l__siunitx_tmp_int=\count274
\l__siunitx_number_mantissa_length_int=\count275
\l__siunitx_number_uncert_length_int=\count276
\l__siunitx_round_int=\count277
\l__siunitx_process_decimal_int=\count278
\l__siunitx_process_uncertainty_int=\count279
\l__siunitx_process_fixed_int=\count280
\l__siunitx_process_integer_min_int=\count281
\l__siunitx_process_precision_int=\count282
\l__siunitx_group_min_int=\count283
\l__siunitx_angle_marker_box=\box56
\l__siunitx_angle_unit_box=\box57
\l__siunitx_angle_marker_dim=\dimen162
\l__siunitx_angle_unit_dim=\dimen163
\l__siunitx_unit_int=\count284
\l__siunitx_unit_denominator_int=\count285
\l__siunitx_unit_numerator_int=\count286
\l__siunitx_unit_prefix_int=\count287
\l__siunitx_unit_prefix_base_int=\count288
\l__siunitx_unit_prefix_gram_int=\count289
\l__siunitx_number_product_int=\count290
\c__siunitx_one_fill_skip=\skip56
\l__siunitx_table_unit_align_skip=\skip57
\l__siunitx_table_exponent_dim=\dimen164
\l__siunitx_table_integer_dim=\dimen165
\l__siunitx_table_mantissa_dim=\dimen166
\l__siunitx_table_marker_dim=\dimen167
\l__siunitx_table_result_dim=\dimen168
\l__siunitx_table_uncert_dim=\dimen169
\l__siunitx_table_fill_pre_dim=\dimen170
\l__siunitx_table_fill_post_dim=\dimen171
\l__siunitx_table_fill_mid_dim=\dimen172
\l__siunitx_table_pre_box=\box58
\l__siunitx_table_post_box=\box59
\l__siunitx_table_mantissa_box=\box60
\l__siunitx_table_result_box=\box61
\l__siunitx_table_number_align_skip=\skip58
\l__siunitx_table_text_align_skip=\skip59

("C:\Users\zwickl-nb\AppData\Local\Programs\MiKTeX 2.9\tex/latex/translator\tra
nslator.sty"
Package: translator 2019-05-31 v1.12a Easy translation of strings in LaTeX
))
("C:\Users\zwickl-nb\AppData\Local\Programs\MiKTeX 2.9\tex/latex/booktabs\bookt
abs.sty"
Package: booktabs 2020/01/12 v1.61803398 Publication quality tables
\heavyrulewidth=\dimen173
\lightrulewidth=\dimen174
\cmidrulewidth=\dimen175
\belowrulesep=\dimen176
\belowbottomsep=\dimen177
\aboverulesep=\dimen178
\abovetopsep=\dimen179
\cmidrulesep=\dimen180
\cmidrulekern=\dimen181
\defaultaddspace=\dimen182
\@cmidla=\count291
\@cmidlb=\count292
\@aboverulesep=\dimen183
\@belowrulesep=\dimen184
\@thisruleclass=\count293
\@lastruleclass=\count294
\@thisrulewidth=\dimen185
)
("C:\Users\zwickl-nb\AppData\Local\Programs\MiKTeX 2.9\tex/latex/appendix\appen
dix.sty"
Package: appendix 2020/02/08 v1.2c extra appendix facilities
\c@@pps=\count295
\c@@ppsavesec=\count296
\c@@ppsaveapp=\count297
)
("C:\Users\zwickl-nb\AppData\Local\Programs\MiKTeX 2.9\tex/latex/amsmath\amsmat
h.sty"
Package: amsmath 2020/01/20 v2.17e AMS math features
\@mathmargin=\skip60

For additional information on amsmath, use the `?' option.

("C:\Users\zwickl-nb\AppData\Local\Programs\MiKTeX 2.9\tex/latex/amsmath\amsbsy
.sty"
Package: amsbsy 1999/11/29 v1.2d Bold Symbols
\pmbraise@=\dimen186
)
("C:\Users\zwickl-nb\AppData\Local\Programs\MiKTeX 2.9\tex/latex/amsmath\amsopn
.sty"
Package: amsopn 2016/03/08 v2.02 operator names
)
\inf@bad=\count298
LaTeX Info: Redefining \frac on input line 227.
\uproot@=\count299
\leftroot@=\count300
LaTeX Info: Redefining \overline on input line 389.
\classnum@=\count301
\DOTSCASE@=\count302
LaTeX Info: Redefining \ldots on input line 486.
LaTeX Info: Redefining \dots on input line 489.
LaTeX Info: Redefining \cdots on input line 610.
\Mathstrutbox@=\box62
\strutbox@=\box63
\big@size=\dimen187
LaTeX Font Info:    Redeclaring font encoding OML on input line 733.
LaTeX Font Info:    Redeclaring font encoding OMS on input line 734.
\macc@depth=\count303
\c@MaxMatrixCols=\count304
\dotsspace@=\muskip17
\c@parentequation=\count305
\dspbrk@lvl=\count306
\tag@help=\toks20
\row@=\count307
\column@=\count308
\maxfields@=\count309
\andhelp@=\toks21
\eqnshift@=\dimen188
\alignsep@=\dimen189
\tagshift@=\dimen190
\tagwidth@=\dimen191
\totwidth@=\dimen192
\lineht@=\dimen193
\@envbody=\toks22
\multlinegap=\skip61
\multlinetaggap=\skip62
\mathdisplay@stack=\toks23
LaTeX Info: Redefining \[ on input line 2859.
LaTeX Info: Redefining \] on input line 2860.
)
("C:\Users\zwickl-nb\AppData\Local\Programs\MiKTeX 2.9\tex/latex/footmisc\footm
isc.sty"
Package: footmisc 2011/06/06 v5.5b a miscellany of footnote facilities
\FN@temptoken=\toks24
\footnotemargin=\dimen194
\c@pp@next@reset=\count310
Package footmisc Info: Declaring symbol style bringhurst on input line 855.
Package footmisc Info: Declaring symbol style chicago on input line 863.
Package footmisc Info: Declaring symbol style wiley on input line 872.
Package footmisc Info: Declaring symbol style lamport-robust on input line 883.

Package footmisc Info: Declaring symbol style lamport* on input line 903.
Package footmisc Info: Declaring symbol style lamport*-robust on input line 924
.
)
("C:\Users\zwickl-nb\AppData\Local\Programs\MiKTeX 2.9\tex/latex/xcolor\xcolor.
sty"
Package: xcolor 2016/05/11 v2.12 LaTeX color extensions (UK)

("C:\Users\zwickl-nb\AppData\Local\Programs\MiKTeX 2.9\tex/latex/graphics-cfg\c
olor.cfg"
File: color.cfg 2016/01/02 v1.6 sample color configuration
)
Package xcolor Info: Driver file: pdftex.def on input line 225.
Package xcolor Info: Model `cmy' substituted by `cmy0' on input line 1348.
Package xcolor Info: Model `hsb' substituted by `rgb' on input line 1352.
Package xcolor Info: Model `RGB' extended on input line 1364.
Package xcolor Info: Model `HTML' substituted by `rgb' on input line 1366.
Package xcolor Info: Model `Hsb' substituted by `hsb' on input line 1367.
Package xcolor Info: Model `tHsb' substituted by `hsb' on input line 1368.
Package xcolor Info: Model `HSB' substituted by `hsb' on input line 1369.
Package xcolor Info: Model `Gray' substituted by `gray' on input line 1370.
Package xcolor Info: Model `wave' substituted by `hsb' on input line 1371.
)
("C:\Users\zwickl-nb\AppData\Local\Programs\MiKTeX 2.9\tex/latex/multirow\multi
row.sty"
Package: multirow 2019/05/31 v2.5 Span multiple rows of a table
\multirow@colwidth=\skip63
\multirow@cntb=\count311
\multirow@dima=\skip64
\bigstrutjot=\dimen195
)
("C:\Users\zwickl-nb\AppData\Local\Programs\MiKTeX 2.9\tex/latex/setspace\setsp
ace.sty"
Package: setspace 2011/12/19 v6.7a set line spacing
)
("C:\Users\zwickl-nb\AppData\Local\Programs\MiKTeX 2.9\tex/latex/stmaryrd\stmar
yrd.sty"
Package: stmaryrd 1994/03/03 St Mary's Road symbol package
\symstmry=\mathgroup4
LaTeX Font Info:    Overwriting symbol font `stmry' in version `bold'
(Font)                  U/stmry/m/n --> U/stmry/b/n on input line 89.
)
("C:\Users\zwickl-nb\AppData\Local\Programs\MiKTeX 2.9\tex/latex/enumitem\enumi
tem.sty"
Package: enumitem 2019/06/20 v3.9 Customized lists
\labelindent=\skip65
\enit@outerparindent=\dimen196
\enit@toks=\toks25
\enit@inbox=\box64
\enit@count@id=\count312
\enitdp@description=\count313
)
("C:\Users\zwickl-nb\AppData\Local\Programs\MiKTeX 2.9\tex/latex/graphics\rotat
ing.sty"
Package: rotating 2016/08/11 v2.16d rotated objects in LaTeX

("C:\Users\zwickl-nb\AppData\Local\Programs\MiKTeX 2.9\tex/latex/base\ifthen.st
y"
Package: ifthen 2014/09/29 v1.1c Standard LaTeX ifthen package (DPC)
)
\c@r@tfl@t=\count314
\rotFPtop=\skip66
\rotFPbot=\skip67
\rot@float@box=\box65
\rot@mess@toks=\toks26
)
("C:\Users\zwickl-nb\AppData\Local\Programs\MiKTeX 2.9\tex/latex/adjustbox\adju
stbox.sty"
Package: adjustbox 2019/01/04 v1.2 Adjusting TeX boxes (trim, clip, ...)

("C:\Users\zwickl-nb\AppData\Local\Programs\MiKTeX 2.9\tex/latex/xkeyval\xkeyva
l.sty"
Package: xkeyval 2014/12/03 v2.7a package option processing (HA)

("C:\Users\zwickl-nb\AppData\Local\Programs\MiKTeX 2.9\tex/generic/xkeyval\xkey
val.tex"
("C:\Users\zwickl-nb\AppData\Local\Programs\MiKTeX 2.9\tex/generic/xkeyval\xkvu
tils.tex"
\XKV@toks=\toks27
\XKV@tempa@toks=\toks28
)
\XKV@depth=\count315
File: xkeyval.tex 2014/12/03 v2.7a key=value parser (HA)
))
("C:\Users\zwickl-nb\AppData\Local\Programs\MiKTeX 2.9\tex/latex/adjustbox\adjc
alc.sty"
Package: adjcalc 2012/05/16 v1.1 Provides advanced setlength with multiple back
-ends (calc, etex, pgfmath)
)
("C:\Users\zwickl-nb\AppData\Local\Programs\MiKTeX 2.9\tex/latex/adjustbox\trim
clip.sty"
Package: trimclip 2018/04/08 v1.1 Trim and clip general TeX material

("C:\Users\zwickl-nb\AppData\Local\Programs\MiKTeX 2.9\tex/latex/collectbox\col
lectbox.sty"
Package: collectbox 2012/05/17 v0.4b Collect macro arguments as boxes
\collectedbox=\box66
)
\tc@llx=\dimen197
\tc@lly=\dimen198
\tc@urx=\dimen199
\tc@ury=\dimen256
Package trimclip Info: Using driver 'tc-pdftex.def'.

("C:\Users\zwickl-nb\AppData\Local\Programs\MiKTeX 2.9\tex/latex/adjustbox\tc-p
dftex.def"
File: tc-pdftex.def 2019/01/04 v2.2 Clipping driver for pdftex
))
\adjbox@Width=\dimen257
\adjbox@Height=\dimen258
\adjbox@Depth=\dimen259
\adjbox@Totalheight=\dimen260
\adjbox@pwidth=\dimen261
\adjbox@pheight=\dimen262
\adjbox@pdepth=\dimen263
\adjbox@ptotalheight=\dimen264

("C:\Users\zwickl-nb\AppData\Local\Programs\MiKTeX 2.9\tex/latex/ifoddpage\ifod
dpage.sty"
Package: ifoddpage 2016/04/23 v1.1 Conditionals for odd/even page detection
\c@checkoddpage=\count316
)
("C:\Users\zwickl-nb\AppData\Local\Programs\MiKTeX 2.9\tex/latex/varwidth\varwi
dth.sty"
Package: varwidth 2009/03/30 ver 0.92;  Variable-width minipages
\@vwid@box=\box67
\sift@deathcycles=\count317
\@vwid@loff=\dimen265
\@vwid@roff=\dimen266
))
("C:\Users\zwickl-nb\AppData\Local\Programs\MiKTeX 2.9\tex/latex/colortbl\color
tbl.sty"
Package: colortbl 2020/01/04 v1.0e Color table columns (DPC)
\everycr=\toks29
\minrowclearance=\skip68
)
("C:\Users\zwickl-nb\AppData\Local\Programs\MiKTeX 2.9\tex/latex/amsfonts\amsfo
nts.sty"
Package: amsfonts 2013/01/14 v3.01 Basic AMSFonts support
\symAMSa=\mathgroup5
\symAMSb=\mathgroup6
LaTeX Font Info:    Redeclaring math symbol \hbar on input line 98.
LaTeX Font Info:    Overwriting math alphabet `\mathfrak' in version `bold'
(Font)                  U/euf/m/n --> U/euf/b/n on input line 106.
)
("C:\Users\zwickl-nb\AppData\Local\Programs\MiKTeX 2.9\tex/latex/amsfonts\amssy
mb.sty"
Package: amssymb 2013/01/14 v3.01 AMS font symbols
LaTeX Font Info:    Redeclaring math symbol \boxdot on input line 44.
)
("C:\Users\zwickl-nb\AppData\Local\Programs\MiKTeX 2.9\tex/latex/algorithm2e\al
gorithm2e.sty"
Package: algorithm2e 2017/07/18 v5.2 algorithms environments
\c@AlgoLine=\count318
\algocf@hangindent=\skip69

("C:\Users\zwickl-nb\AppData\Local\Programs\MiKTeX 2.9\tex/latex/tools\xspace.s
ty"
Package: xspace 2014/10/28 v1.13 Space after command names (DPC,MH)
)
("C:\Users\zwickl-nb\AppData\Local\Programs\MiKTeX 2.9\tex/latex/relsize\relsiz
e.sty"
Package: relsize 2013/03/29 ver 4.1
)
\skiptotal=\skip70
\skiplinenumber=\skip71
\skiprule=\skip72
\skiphlne=\skip73
\skiptext=\skip74
\skiplength=\skip75
\algomargin=\skip76
\skipalgocfslide=\skip77
\algowidth=\dimen267
\inoutsize=\dimen268
\inoutindent=\dimen269
\interspacetitleruled=\dimen270
\interspacealgoruled=\dimen271
\interspacetitleboxruled=\dimen272
\algocf@ruledwidth=\skip78
\algocf@inoutbox=\box68
\algocf@inputbox=\box69
\AlCapSkip=\skip79
\AlCapHSkip=\skip80
\algoskipindent=\skip81
\algocf@nlbox=\box70
\algocf@hangingbox=\box71
\algocf@untilbox=\box72
\algocf@skipuntil=\skip82
\algocf@capbox=\box73
\algocf@lcaptionbox=\skip83
\algoheightruledefault=\skip84
\algoheightrule=\skip85
\algotitleheightruledefault=\skip86
\algotitleheightrule=\skip87
\c@algocfline=\count319
\c@algocfproc=\count320
\c@algocf=\count321
\algocf@algoframe=\box74
\algocf@algobox=\box75
) (Manuscript.aux)
\openout1 = `Manuscript.aux'.

LaTeX Font Info:    Checking defaults for OML/cmm/m/it on input line 33.
LaTeX Font Info:    ... okay on input line 33.
LaTeX Font Info:    Checking defaults for OMS/cmsy/m/n on input line 33.
LaTeX Font Info:    ... okay on input line 33.
LaTeX Font Info:    Checking defaults for OT1/cmr/m/n on input line 33.
LaTeX Font Info:    ... okay on input line 33.
LaTeX Font Info:    Checking defaults for T1/cmr/m/n on input line 33.
LaTeX Font Info:    ... okay on input line 33.
LaTeX Font Info:    Checking defaults for TS1/cmr/m/n on input line 33.
LaTeX Font Info:    ... okay on input line 33.
LaTeX Font Info:    Checking defaults for OMX/cmex/m/n on input line 33.
LaTeX Font Info:    ... okay on input line 33.
LaTeX Font Info:    Checking defaults for U/cmr/m/n on input line 33.
LaTeX Font Info:    ... okay on input line 33.
LaTeX Font Info:    Checking defaults for PD1/pdf/m/n on input line 33.
LaTeX Font Info:    ... okay on input line 33.

("C:\Users\zwickl-nb\AppData\Local\Programs\MiKTeX 2.9\tex/context/base/mkii\su
pp-pdf.mkii"
[Loading MPS to PDF converter (version 2006.09.02).]
\scratchcounter=\count322
\scratchdimen=\dimen273
\scratchbox=\box76
\nofMPsegments=\count323
\nofMParguments=\count324
\everyMPshowfont=\toks30
\MPscratchCnt=\count325
\MPscratchDim=\dimen274
\MPnumerator=\count326
\makeMPintoPDFobject=\count327
\everyMPtoPDFconversion=\toks31
)
("C:\Users\zwickl-nb\AppData\Local\Programs\MiKTeX 2.9\tex/latex/epstopdf-pkg\e
pstopdf-base.sty"
Package: epstopdf-base 2020-01-24 v2.11 Base part for package epstopdf
Package epstopdf-base Info: Redefining graphics rule for `.eps' on input line 4
85.
)
\AtBeginShipoutBox=\box77
Package hyperref Info: Link coloring OFF on input line 33.

("C:\Users\zwickl-nb\AppData\Local\Programs\MiKTeX 2.9\tex/latex/hyperref\namer
ef.sty"
Package: nameref 2019/09/16 v2.46 Cross-referencing by name of section

("C:\Users\zwickl-nb\AppData\Local\Programs\MiKTeX 2.9\tex/latex/refcount\refco
unt.sty"
Package: refcount 2019/12/15 v3.6 Data extraction from label references (HO)
)
("C:\Users\zwickl-nb\AppData\Local\Programs\MiKTeX 2.9\tex/generic/gettitlestri
ng\gettitlestring.sty"
Package: gettitlestring 2019/12/15 v1.6 Cleanup title references (HO)
)
\c@section@level=\count328
)
LaTeX Info: Redefining \ref on input line 33.
LaTeX Info: Redefining \pageref on input line 33.
LaTeX Info: Redefining \nameref on input line 33.
 (Manuscript.out) (Manuscript.out)
\@outlinefile=\write4
\openout4 = `Manuscript.out'.

Package caption Info: Begin \AtBeginDocument code.
Package caption Info: rotating package is loaded.
Package caption Info: End \AtBeginDocument code.

("C:\Users\zwickl-nb\AppData\Local\Programs\MiKTeX 2.9\tex/latex/translator\tra
nslator-basic-dictionary-English.dict"
Dictionary: translator-basic-dictionary, Language: English 
)
("C:\Users\zwickl-nb\AppData\Local\Programs\MiKTeX 2.9\tex/latex/siunitx\siunit
x-abbreviations.cfg"
File: siunitx-abbreviations.cfg 2017/11/26 v2.7k siunitx: Abbreviated units
)
LaTeX Font Info:    Trying to load font information for U+stmry on input line 3
3.

("C:\Users\zwickl-nb\AppData\Local\Programs\MiKTeX 2.9\tex/latex/stmaryrd\ustmr
y.fd")
LaTeX Font Info:    Trying to load font information for U+msa on input line 33.


("C:\Users\zwickl-nb\AppData\Local\Programs\MiKTeX 2.9\tex/latex/amsfonts\umsa.
fd"
File: umsa.fd 2013/01/14 v3.01 AMS symbols A
)
LaTeX Font Info:    Trying to load font information for U+msb on input line 33.


("C:\Users\zwickl-nb\AppData\Local\Programs\MiKTeX 2.9\tex/latex/amsfonts\umsb.
fd"
File: umsb.fd 2013/01/14 v3.01 AMS symbols B
) (0_Abstract.tex
Overfull \hbox (2.22221pt too wide) has occurred while \output is active
[] 
 []


Package hyperref Warning: Token not allowed in a PDF string (PDFDocEncoding):
(hyperref)                removing `\<def>-command' on input line 8.


Package hyperref Warning: Token not allowed in a PDF string (PDFDocEncoding):
(hyperref)                removing `\cnotenum' on input line 8.


Package hyperref Warning: Token not allowed in a PDF string (PDFDocEncoding):
(hyperref)                removing `\<def>-command' on input line 8.


Package hyperref Warning: Token not allowed in a PDF string (PDFDocEncoding):
(hyperref)                removing `\@corref' on input line 8.

[1


{C:/Users/zwickl-nb/AppData/Local/MiKTeX/2.9/pdftex/config/pdftex.map}])
(1_2_Introduction.tex)
Overfull \hbox (1.27838pt too wide) in paragraph at lines 13--48
\OT1/cmr/m/n/10 large-scale low-resolution cli-mate vari-ables (pre dic-tors) a
nd lo-cal high-resolution
 []

[2] (3_Methodology.tex
<figures/3_Methodology/Flow_diagram.pdf, id=92, 456.74638pt x 172.7253pt>
File: figures/3_Methodology/Flow_diagram.pdf Graphic file (type pdf)
<use figures/3_Methodology/Flow_diagram.pdf>
Package pdftex.def Info: figures/3_Methodology/Flow_diagram.pdf  used on input 
line 6.
(pdftex.def)             Requested size: 345.0pt x 130.474pt.

Overfull \hbox (0.78645pt too wide) in paragraph at lines 11--11
[]\OT1/cmr/m/it/10 Algorithm1: Se-quen-tial down-scal-ing dis-ag-gre-gat-ing he
at gen-er-a-tion per tech-
 []

[3 <./figures/3_Methodology/Flow_diagram.pdf>] [4]
Overfull \hbox (3.33333pt too wide) in paragraph at lines 57--58
[][] 
 []

[5]
Overfull \hbox (3.33333pt too wide) in paragraph at lines 108--109
[][] 
 []

[6]
Overfull \hbox (2.46437pt too wide) in paragraph at lines 119--119
[]\OT1/cmr/m/it/10 An Aus-trian case study ob-tained from the H2020 project ope
-nEN-TRANCE 
 []

) [7] [8] (4_Results.tex
Underfull \hbox (badness 10000) in paragraph at lines 5--6

 []

[9]
Underfull \hbox (badness 10000) in paragraph at lines 7--8

 []

[10]
Overfull \hbox (2.30946pt too wide) in paragraph at lines 32--32
[][] 
 []


Overfull \hbox (3.33223pt too wide) in paragraph at lines 32--33
 [][] 
 []


Underfull \hbox (badness 10000) in paragraph at lines 38--39

 []

[11]
Package epstopdf Info: Source file: <figures/4_Results/Spatial_results.eps>
(epstopdf)                    date: 2021-07-06 10:17:50
(epstopdf)                    size: 606960 bytes
(epstopdf)             Output file: <figures/4_Results/Spatial_results-eps-conv
erted-to.pdf>
(epstopdf)                    date: 2021-07-06 10:39:42
(epstopdf)                    size: 108631 bytes
(epstopdf)             Command: <epstopdf --outfile=figures/4_Results/Spatial_r
esults-eps-converted-to.pdf figures/4_Results/Spatial_results.eps>
(epstopdf)             \includegraphics on input line 44.
Package epstopdf Info: Output file is already uptodate.


pdfTeX warning: pdflatex.exe (file ./figures/4_Results/Spatial_results-eps-conv
erted-to.pdf): PDF inclusion: found PDF version <1.7>, but at most version <1.5
> allowed
<figures/4_Results/Spatial_results-eps-converted-to.pdf, id=239, 463.7325pt x 3
19.1925pt>
File: figures/4_Results/Spatial_results-eps-converted-to.pdf Graphic file (type
 pdf)
<use figures/4_Results/Spatial_results-eps-converted-to.pdf>
Package pdftex.def Info: figures/4_Results/Spatial_results-eps-converted-to.pdf
  used on input line 44.
(pdftex.def)             Requested size: 550.0pt x 378.60667pt.
[12] [13 <./figures/4_Results/Spatial_results-eps-converted-to.pdf>]
Package epstopdf Info: Source file: <figures/4_Results/Heatmap.eps>
(epstopdf)                    date: 2021-07-06 12:47:05
(epstopdf)                    size: 235324 bytes
(epstopdf)             Output file: <figures/4_Results/Heatmap-eps-converted-to
.pdf>
(epstopdf)                    date: 2021-07-06 12:47:32
(epstopdf)                    size: 45040 bytes
(epstopdf)             Command: <epstopdf --outfile=figures/4_Results/Heatmap-e
ps-converted-to.pdf figures/4_Results/Heatmap.eps>
(epstopdf)             \includegraphics on input line 54.
Package epstopdf Info: Output file is already uptodate.


pdfTeX warning: pdflatex.exe (file ./figures/4_Results/Heatmap-eps-converted-to
.pdf): PDF inclusion: found PDF version <1.7>, but at most version <1.5> allowe
d
<figures/4_Results/Heatmap-eps-converted-to.pdf, id=364, 463.7325pt x 319.1925p
t>
File: figures/4_Results/Heatmap-eps-converted-to.pdf Graphic file (type pdf)
<use figures/4_Results/Heatmap-eps-converted-to.pdf>
Package pdftex.def Info: figures/4_Results/Heatmap-eps-converted-to.pdf  used o
n input line 54.
(pdftex.def)             Requested size: 550.0pt x 378.60667pt.
[14] [15 <./figures/4_Results/Heatmap-eps-converted-to.pdf>]
Underfull \hbox (badness 10000) in paragraph at lines 61--62

 []

Package epstopdf Info: Source file: <figures/4_Results/boxplot.eps>
(epstopdf)                    date: 2021-06-30 10:23:49
(epstopdf)                    size: 258705 bytes
(epstopdf)             Output file: <figures/4_Results/boxplot-eps-converted-to
.pdf>
(epstopdf)                    date: 2021-06-30 13:07:42
(epstopdf)                    size: 44339 bytes
(epstopdf)             Command: <epstopdf --outfile=figures/4_Results/boxplot-e
ps-converted-to.pdf figures/4_Results/boxplot.eps>
(epstopdf)             \includegraphics on input line 67.
Package epstopdf Info: Output file is already uptodate.


pdfTeX warning: pdflatex.exe (file ./figures/4_Results/boxplot-eps-converted-to
.pdf): PDF inclusion: found PDF version <1.7>, but at most version <1.5> allowe
d
<figures/4_Results/boxplot-eps-converted-to.pdf, id=424, 463.7325pt x 319.1925p
t>
File: figures/4_Results/boxplot-eps-converted-to.pdf Graphic file (type pdf)
<use figures/4_Results/boxplot-eps-converted-to.pdf>
Package pdftex.def Info: figures/4_Results/boxplot-eps-converted-to.pdf  used o
n input line 67.
(pdftex.def)             Requested size: 550.0pt x 378.60667pt.
[16] [17 <./figures/4_Results/boxplot-eps-converted-to.pdf>]
Package epstopdf Info: Source file: <figures/4_Results/Heat_density_gap.eps>
(epstopdf)                    date: 2021-07-07 09:19:54
(epstopdf)                    size: 96721 bytes
(epstopdf)             Output file: <figures/4_Results/Heat_density_gap-eps-con
verted-to.pdf>
(epstopdf)                    date: 2021-07-07 09:20:20
(epstopdf)                    size: 49201 bytes
(epstopdf)             Command: <epstopdf --outfile=figures/4_Results/Heat_dens
ity_gap-eps-converted-to.pdf figures/4_Results/Heat_density_gap.eps>
(epstopdf)             \includegraphics on input line 77.
Package epstopdf Info: Output file is already uptodate.


pdfTeX warning: pdflatex.exe (file ./figures/4_Results/Heat_density_gap-eps-con
verted-to.pdf): PDF inclusion: found PDF version <1.7>, but at most version <1.
5> allowed
<figures/4_Results/Heat_density_gap-eps-converted-to.pdf, id=489, 433.62pt x 28
9.08pt>
File: figures/4_Results/Heat_density_gap-eps-converted-to.pdf Graphic file (typ
e pdf)
<use figures/4_Results/Heat_density_gap-eps-converted-to.pdf>
Package pdftex.def Info: figures/4_Results/Heat_density_gap-eps-converted-to.pd
f  used on input line 77.
(pdftex.def)             Requested size: 550.0pt x 366.71288pt.
) [18] [19 <./figures/4_Results/Heat_density_gap-eps-converted-to.pdf>]
(5_Conclusions.tex) (Manuscript.bbl)
Package atveryend Info: Empty hook `BeforeClearDocument' on input line 80.
 [20]
Package atveryend Info: Empty hook `AfterLastShipout' on input line 80.
 (Manuscript.aux)
Package atveryend Info: Executing hook `AtVeryEndDocument' on input line 80.
Package atveryend Info: Executing hook `AtEndAfterFileList' on input line 80.
Package rerunfilecheck Info: File `Manuscript.out' has not changed.
(rerunfilecheck)             Checksum: CB37AB94B3AB570595788CDD89BA723E;1889.
Package atveryend Info: Empty hook `AtVeryVeryEnd' on input line 80.
 ) 
Here is how much of TeX's memory you used:
 14708 strings out of 481556
 265200 string characters out of 2911998
 535030 words of memory out of 3000000
 29554 multiletter control sequences out of 15000+200000
 544126 words of font info for 70 fonts, out of 3000000 for 9000
 1141 hyphenation exceptions out of 8191
 45i,22n,79p,3183b,958s stack positions out of 5000i,500n,10000p,200000b,50000s
pdfTeX warning (dest): name{Hfootnote.5} has been referenced but does not exi
st, replaced by a fixed one

pdfTeX warning (dest): name{Hfootnote.4} has been referenced but does not exist
, replaced by a fixed one

pdfTeX warning (dest): name{Hfootnote.3} has been referenced but does not exist
, replaced by a fixed one

pdfTeX warning (dest): name{Hfootnote.2} has been referenced but does not exist
, replaced by a fixed one

pdfTeX warning (dest): name{Hfootnote.1} has been referenced but does not exist
, replaced by a fixed one

{C:/Users/zwickl-nb/AppData/Local/Programs/MiKTeX 2.9/fonts/enc/dvips/cm-super/
cm-super-ts1.enc}<C:/Users/zwickl-nb/AppData/Local/Programs/MiKTeX 2.9/fonts/ty
pe1/public/amsfonts/cm/cmbx10.pfb><C:/Users/zwickl-nb/AppData/Local/Programs/Mi
KTeX 2.9/fonts/type1/public/amsfonts/cm/cmbx7.pfb><C:/Users/zwickl-nb/AppData/L
ocal/Programs/MiKTeX 2.9/fonts/type1/public/amsfonts/cm/cmex10.pfb><C:/Users/zw
ickl-nb/AppData/Local/Programs/MiKTeX 2.9/fonts/type1/public/amsfonts/cmextra/c
mex7.pfb><C:/Users/zwickl-nb/AppData/Local/Programs/MiKTeX 2.9/fonts/type1/publ
ic/amsfonts/cm/cmmi10.pfb><C:/Users/zwickl-nb/AppData/Local/Programs/MiKTeX 2.9
/fonts/type1/public/amsfonts/cm/cmmi5.pfb><C:/Users/zwickl-nb/AppData/Local/Pro
grams/MiKTeX 2.9/fonts/type1/public/amsfonts/cm/cmmi7.pfb><C:/Users/zwickl-nb/A
ppData/Local/Programs/MiKTeX 2.9/fonts/type1/public/amsfonts/cm/cmmi8.pfb><C:/U
sers/zwickl-nb/AppData/Local/Programs/MiKTeX 2.9/fonts/type1/public/amsfonts/cm
/cmr10.pfb><C:/Users/zwickl-nb/AppData/Local/Programs/MiKTeX 2.9/fonts/type1/pu
blic/amsfonts/cm/cmr12.pfb><C:/Users/zwickl-nb/AppData/Local/Programs/MiKTeX 2.
9/fonts/type1/public/amsfonts/cm/cmr5.pfb><C:/Users/zwickl-nb/AppData/Local/Pro
grams/MiKTeX 2.9/fonts/type1/public/amsfonts/cm/cmr6.pfb><C:/Users/zwickl-nb/Ap
pData/Local/Programs/MiKTeX 2.9/fonts/type1/public/amsfonts/cm/cmr7.pfb><C:/Use
rs/zwickl-nb/AppData/Local/Programs/MiKTeX 2.9/fonts/type1/public/amsfonts/cm/c
mr8.pfb><C:/Users/zwickl-nb/AppData/Local/Programs/MiKTeX 2.9/fonts/type1/publi
c/amsfonts/cm/cmr9.pfb><C:/Users/zwickl-nb/AppData/Local/Programs/MiKTeX 2.9/fo
nts/type1/public/amsfonts/cm/cmsy10.pfb><C:/Users/zwickl-nb/AppData/Local/Progr
ams/MiKTeX 2.9/fonts/type1/public/amsfonts/cm/cmsy5.pfb><C:/Users/zwickl-nb/App
Data/Local/Programs/MiKTeX 2.9/fonts/type1/public/amsfonts/cm/cmsy6.pfb><C:/Use
rs/zwickl-nb/AppData/Local/Programs/MiKTeX 2.9/fonts/type1/public/amsfonts/cm/c
msy7.pfb><C:/Users/zwickl-nb/AppData/Local/Programs/MiKTeX 2.9/fonts/type1/publ
ic/amsfonts/cm/cmti10.pfb><C:/Users/zwickl-nb/AppData/Local/Programs/MiKTeX 2.9
/fonts/type1/public/amsfonts/cm/cmti7.pfb><C:/Users/zwickl-nb/AppData/Local/Pro
grams/MiKTeX 2.9/fonts/type1/public/amsfonts/cm/cmti8.pfb><C:/Users/zwickl-nb/A
ppData/Local/Programs/MiKTeX 2.9/fonts/type1/public/amsfonts/cm/cmtt10.pfb><C:/
Users/zwickl-nb/AppData/Local/Programs/MiKTeX 2.9/fonts/type1/public/amsfonts/c
m/cmtt8.pfb><C:/Users/zwickl-nb/AppData/Local/Programs/MiKTeX 2.9/fonts/type1/p
ublic/amsfonts/symbols/msam10.pfb><C:/Users/zwickl-nb/AppData/Local/Programs/Mi
KTeX 2.9/fonts/type1/public/cm-super/sfrm1000.pfb>
Output written on Manuscript.pdf (20 pages, 638865 bytes).
PDF statistics:
 687 PDF objects out of 1000 (max. 8388607)
 117 named destinations out of 1000 (max. 500000)
 154 words of extra memory for PDF output out of 10000 (max. 10000000)

